# JRE version: Java(TM) SE Runtime Environment (8.0_31-b13) (build 1.8.0_31-b13)
# Java VM: Java HotSpot(TM) 64-Bit Server VM (25.31-b07 mixed mode windows-amd64 compressed oops)
Heap:
 PSYoungGen      total 221696K, used 8711K [0x00000000eb100000, 0x00000000f9980000, 0x0000000100000000)
  eden space 205312K, 0% used [0x00000000eb100000,0x00000000eb100000,0x00000000f7980000)
  from space 16384K, 53% used [0x00000000f8980000,0x00000000f9201d70,0x00000000f9980000)
  to   space 16384K, 0% used [0x00000000f7980000,0x00000000f7980000,0x00000000f8980000)
 ParOldGen       total 59392K, used 18533K [0x00000000c1200000, 0x00000000c4c00000, 0x00000000eb100000)
  object space 59392K, 31% used [0x00000000c1200000,0x00000000c24197a8,0x00000000c4c00000)
 Metaspace       used 43390K, capacity 44866K, committed 45104K, reserved 1089536K
  class space    used 5591K, capacity 5826K, committed 5936K, reserved 1048576K
GC Heap History (10 events):
Event: 7.414 GC heap before
{Heap before GC invocations=11 (full 1):
 PSYoungGen      total 134656K, used 134638K [0x00000000eb100000, 0x00000000f4380000, 0x0000000100000000)
  eden space 124928K, 100% used [0x00000000eb100000,0x00000000f2b00000,0x00000000f2b00000)
  from space 9728K, 99% used [0x00000000f2b00000,0x00000000f347bb20,0x00000000f3480000)
  to   space 12288K, 0% used [0x00000000f3780000,0x00000000f3780000,0x00000000f4380000)
 ParOldGen       total 33792K, used 10118K [0x00000000c1200000, 0x00000000c3300000, 0x00000000eb100000)
  object space 33792K, 29% used [0x00000000c1200000,0x00000000c1be1b28,0x00000000c3300000)
 Metaspace       used 31816K, capacity 33012K, committed 33328K, reserved 1079296K
  class space    used 4077K, capacity 4298K, committed 4400K, reserved 1048576K
Event: 7.443 GC heap after
Heap after GC invocations=11 (full 1):
 PSYoungGen      total 137216K, used 8482K [0x00000000eb100000, 0x00000000f6680000, 0x0000000100000000)
  eden space 124928K, 0% used [0x00000000eb100000,0x00000000eb100000,0x00000000f2b00000)
  from space 12288K, 69% used [0x00000000f3780000,0x00000000f3fc8b90,0x00000000f4380000)
  to   space 12800K, 0% used [0x00000000f2b00000,0x00000000f2b00000,0x00000000f3780000)
 ParOldGen       total 33792K, used 16364K [0x00000000c1200000, 0x00000000c3300000, 0x00000000eb100000)
  object space 33792K, 48% used [0x00000000c1200000,0x00000000c21fb2a0,0x00000000c3300000)
 Metaspace       used 31816K, capacity 33012K, committed 33328K, reserved 1079296K
  class space    used 4077K, capacity 4298K, committed 4400K, reserved 1048576K
}
Event: 8.993 GC heap before
{Heap before GC invocations=12 (full 1):
 PSYoungGen      total 137216K, used 133410K [0x00000000eb100000, 0x00000000f6680000, 0x0000000100000000)
  eden space 124928K, 100% used [0x00000000eb100000,0x00000000f2b00000,0x00000000f2b00000)
  from space 12288K, 69% used [0x00000000f3780000,0x00000000f3fc8b90,0x00000000f4380000)
  to   space 12800K, 0% used [0x00000000f2b00000,0x00000000f2b00000,0x00000000f3780000)
 ParOldGen       total 33792K, used 16364K [0x00000000c1200000, 0x00000000c3300000, 0x00000000eb100000)
  object space 33792K, 48% used [0x00000000c1200000,0x00000000c21fb2a0,0x00000000c3300000)
 Metaspace       used 33736K, capacity 34902K, committed 35120K, reserved 1079296K
  class space    used 4316K, capacity 4533K, committed 4656K, reserved 1048576K
Event: 9.014 GC heap after
Heap after GC invocations=12 (full 1):
 PSYoungGen      total 137728K, used 12777K [0x00000000eb100000, 0x00000000f6980000, 0x0000000100000000)
  eden space 124928K, 0% used [0x00000000eb100000,0x00000000eb100000,0x00000000f2b00000)
  from space 12800K, 99% used [0x00000000f2b00000,0x00000000f377a438,0x00000000f3780000)
  to   space 15360K, 0% used [0x00000000f5a80000,0x00000000f5a80000,0x00000000f6980000)
 ParOldGen       total 33792K, used 18886K [0x00000000c1200000, 0x00000000c3300000, 0x00000000eb100000)
  object space 33792K, 55% used [0x00000000c1200000,0x00000000c2471b20,0x00000000c3300000)
 Metaspace       used 33736K, capacity 34902K, committed 35120K, reserved 1079296K
  class space    used 4316K, capacity 4533K, committed 4656K, reserved 1048576K
}
Event: 9.297 GC heap before
{Heap before GC invocations=13 (full 1):
 PSYoungGen      total 137728K, used 17968K [0x00000000eb100000, 0x00000000f6980000, 0x0000000100000000)
  eden space 124928K, 4% used [0x00000000eb100000,0x00000000eb611bf0,0x00000000f2b00000)
  from space 12800K, 99% used [0x00000000f2b00000,0x00000000f377a438,0x00000000f3780000)
  to   space 15360K, 0% used [0x00000000f5a80000,0x00000000f5a80000,0x00000000f6980000)
 ParOldGen       total 33792K, used 18886K [0x00000000c1200000, 0x00000000c3300000, 0x00000000eb100000)
  object space 33792K, 55% used [0x00000000c1200000,0x00000000c2471b20,0x00000000c3300000)
 Metaspace       used 34194K, capacity 35318K, committed 35496K, reserved 1081344K
  class space    used 4375K, capacity 4565K, committed 4656K, reserved 1048576K
Event: 9.310 GC heap after
Heap after GC invocations=13 (full 1):
 PSYoungGen      total 173568K, used 1502K [0x00000000eb100000, 0x00000000f6c80000, 0x0000000100000000)
  eden space 158208K, 0% used [0x00000000eb100000,0x00000000eb100000,0x00000000f4b80000)
  from space 15360K, 9% used [0x00000000f5a80000,0x00000000f5bf7a30,0x00000000f6980000)
  to   space 15360K, 0% used [0x00000000f4b80000,0x00000000f4b80000,0x00000000f5a80000)
 ParOldGen       total 33792K, used 25127K [0x00000000c1200000, 0x00000000c3300000, 0x00000000eb100000)
  object space 33792K, 74% used [0x00000000c1200000,0x00000000c2a89d20,0x00000000c3300000)
 Metaspace       used 34194K, capacity 35318K, committed 35496K, reserved 1081344K
  class space    used 4375K, capacity 4565K, committed 4656K, reserved 1048576K
}
Event: 9.310 GC heap before
{Heap before GC invocations=14 (full 2):
 PSYoungGen      total 173568K, used 1502K [0x00000000eb100000, 0x00000000f6c80000, 0x0000000100000000)
  eden space 158208K, 0% used [0x00000000eb100000,0x00000000eb100000,0x00000000f4b80000)
  from space 15360K, 9% used [0x00000000f5a80000,0x00000000f5bf7a30,0x00000000f6980000)
  to   space 15360K, 0% used [0x00000000f4b80000,0x00000000f4b80000,0x00000000f5a80000)
 ParOldGen       total 33792K, used 25127K [0x00000000c1200000, 0x00000000c3300000, 0x00000000eb100000)
  object space 33792K, 74% used [0x00000000c1200000,0x00000000c2a89d20,0x00000000c3300000)
 Metaspace       used 34194K, capacity 35318K, committed 35496K, reserved 1081344K
  class space    used 4375K, capacity 4565K, committed 4656K, reserved 1048576K
Event: 9.444 GC heap after
Heap after GC invocations=14 (full 2):
 PSYoungGen      total 173568K, used 0K [0x00000000eb100000, 0x00000000f6c80000, 0x0000000100000000)
  eden space 158208K, 0% used [0x00000000eb100000,0x00000000eb100000,0x00000000f4b80000)
  from space 15360K, 0% used [0x00000000f5a80000,0x00000000f5a80000,0x00000000f6980000)
  to   space 15360K, 0% used [0x00000000f4b80000,0x00000000f4b80000,0x00000000f5a80000)
 ParOldGen       total 59392K, used 18517K [0x00000000c1200000, 0x00000000c4c00000, 0x00000000eb100000)
  object space 59392K, 31% used [0x00000000c1200000,0x00000000c24157a8,0x00000000c4c00000)
 Metaspace       used 34194K, capacity 35318K, committed 35496K, reserved 1081344K
  class space    used 4375K, capacity 4565K, committed 4656K, reserved 1048576K
}
Event: 12.195 GC heap before
{Heap before GC invocations=15 (full 2):
 PSYoungGen      total 173568K, used 158208K [0x00000000eb100000, 0x00000000f6c80000, 0x0000000100000000)
  eden space 158208K, 100% used [0x00000000eb100000,0x00000000f4b80000,0x00000000f4b80000)
  from space 15360K, 0% used [0x00000000f5a80000,0x00000000f5a80000,0x00000000f6980000)
  to   space 15360K, 0% used [0x00000000f4b80000,0x00000000f4b80000,0x00000000f5a80000)
 ParOldGen       total 59392K, used 18517K [0x00000000c1200000, 0x00000000c4c00000, 0x00000000eb100000)
  object space 59392K, 31% used [0x00000000c1200000,0x00000000c24157a8,0x00000000c4c00000)
 Metaspace       used 40853K, capacity 42272K, committed 42416K, reserved 1085440K
  class space    used 5263K, capacity 5498K, committed 5552K, reserved 1048576K
Event: 12.237 GC heap after
Heap after GC invocations=15 (full 2):
 PSYoungGen      total 173568K, used 11710K [0x00000000eb100000, 0x00000000f9980000, 0x0000000100000000)
  eden space 158208K, 0% used [0x00000000eb100000,0x00000000eb100000,0x00000000f4b80000)
  from space 15360K, 76% used [0x00000000f4b80000,0x00000000f56efa50,0x00000000f5a80000)
  to   space 16384K, 0% used [0x00000000f8980000,0x00000000f8980000,0x00000000f9980000)
 ParOldGen       total 59392K, used 18525K [0x00000000c1200000, 0x00000000c4c00000, 0x00000000eb100000)
  object space 59392K, 31% used [0x00000000c1200000,0x00000000c24177a8,0x00000000c4c00000)
 Metaspace       used 40853K, capacity 42272K, committed 42416K, reserved 1085440K
  class space    used 5263K, capacity 5498K, committed 5552K, reserved 1048576K
}

