# JRE version: Java(TM) SE Runtime Environment (8.0_31-b13) (build 1.8.0_31-b13)
# Java VM: Java HotSpot(TM) 64-Bit Server VM (25.31-b07 mixed mode windows-amd64 compressed oops)
Heap:
 PSYoungGen      total 176640K, used 36369K [0x00000000eb100000, 0x00000000f9000000, 0x0000000100000000)
  eden space 149504K, 15% used [0x00000000eb100000,0x00000000ec7da750,0x00000000f4300000)
  from space 27136K, 47% used [0x00000000f4300000,0x00000000f4fa9d70,0x00000000f5d80000)
  to   space 26112K, 0% used [0x00000000f7680000,0x00000000f7680000,0x00000000f9000000)
 ParOldGen       total 87552K, used 43385K [0x00000000c1200000, 0x00000000c6780000, 0x00000000eb100000)
  object space 87552K, 49% used [0x00000000c1200000,0x00000000c3c5e490,0x00000000c6780000)
 Metaspace       used 47876K, capacity 48258K, committed 48512K, reserved 1091584K
  class space    used 6113K, capacity 6229K, committed 6272K, reserved 1048576K
GC Heap History (10 events):
Event: 7.705 GC heap before
{Heap before GC invocations=11 (full 1):
 PSYoungGen      total 133120K, used 133118K [0x00000000eb100000, 0x00000000f3f00000, 0x0000000100000000)
  eden space 124928K, 100% used [0x00000000eb100000,0x00000000f2b00000,0x00000000f2b00000)
  from space 8192K, 99% used [0x00000000f2d00000,0x00000000f34ffab8,0x00000000f3500000)
  to   space 10240K, 0% used [0x00000000f3500000,0x00000000f3500000,0x00000000f3f00000)
 ParOldGen       total 35840K, used 13702K [0x00000000c1200000, 0x00000000c3500000, 0x00000000eb100000)
  object space 35840K, 38% used [0x00000000c1200000,0x00000000c1f61978,0x00000000c3500000)
 Metaspace       used 29899K, capacity 30268K, committed 30464K, reserved 1075200K
  class space    used 3690K, capacity 3759K, committed 3840K, reserved 1048576K
Event: 7.735 GC heap after
Heap after GC invocations=11 (full 1):
 PSYoungGen      total 130560K, used 10234K [0x00000000eb100000, 0x00000000f6c80000, 0x0000000100000000)
  eden space 120320K, 0% used [0x00000000eb100000,0x00000000eb100000,0x00000000f2680000)
  from space 10240K, 99% used [0x00000000f3500000,0x00000000f3efe870,0x00000000f3f00000)
  to   space 14848K, 0% used [0x00000000f2680000,0x00000000f2680000,0x00000000f3500000)
 ParOldGen       total 35840K, used 22944K [0x00000000c1200000, 0x00000000c3500000, 0x00000000eb100000)
  object space 35840K, 64% used [0x00000000c1200000,0x00000000c28681a8,0x00000000c3500000)
 Metaspace       used 29899K, capacity 30268K, committed 30464K, reserved 1075200K
  class space    used 3690K, capacity 3759K, committed 3840K, reserved 1048576K
}
Event: 8.756 GC heap before
{Heap before GC invocations=12 (full 1):
 PSYoungGen      total 130560K, used 130554K [0x00000000eb100000, 0x00000000f6c80000, 0x0000000100000000)
  eden space 120320K, 100% used [0x00000000eb100000,0x00000000f2680000,0x00000000f2680000)
  from space 10240K, 99% used [0x00000000f3500000,0x00000000f3efe870,0x00000000f3f00000)
  to   space 14848K, 0% used [0x00000000f2680000,0x00000000f2680000,0x00000000f3500000)
 ParOldGen       total 35840K, used 22944K [0x00000000c1200000, 0x00000000c3500000, 0x00000000eb100000)
  object space 35840K, 64% used [0x00000000c1200000,0x00000000c28681a8,0x00000000c3500000)
 Metaspace       used 33431K, capacity 33794K, committed 33920K, reserved 1079296K
  class space    used 4324K, capacity 4400K, committed 4480K, reserved 1048576K
Event: 8.802 GC heap after
Heap after GC invocations=12 (full 1):
 PSYoungGen      total 135168K, used 14844K [0x00000000eb100000, 0x00000000f7800000, 0x0000000100000000)
  eden space 120320K, 0% used [0x00000000eb100000,0x00000000eb100000,0x00000000f2680000)
  from space 14848K, 99% used [0x00000000f2680000,0x00000000f34ff050,0x00000000f3500000)
  to   space 22016K, 0% used [0x00000000f6280000,0x00000000f6280000,0x00000000f7800000)
 ParOldGen       total 36864K, used 36646K [0x00000000c1200000, 0x00000000c3600000, 0x00000000eb100000)
  object space 36864K, 99% used [0x00000000c1200000,0x00000000c35c9bd8,0x00000000c3600000)
 Metaspace       used 33431K, capacity 33794K, committed 33920K, reserved 1079296K
  class space    used 4324K, capacity 4400K, committed 4480K, reserved 1048576K
}
Event: 8.802 GC heap before
{Heap before GC invocations=13 (full 2):
 PSYoungGen      total 135168K, used 14844K [0x00000000eb100000, 0x00000000f7800000, 0x0000000100000000)
  eden space 120320K, 0% used [0x00000000eb100000,0x00000000eb100000,0x00000000f2680000)
  from space 14848K, 99% used [0x00000000f2680000,0x00000000f34ff050,0x00000000f3500000)
  to   space 22016K, 0% used [0x00000000f6280000,0x00000000f6280000,0x00000000f7800000)
 ParOldGen       total 36864K, used 36646K [0x00000000c1200000, 0x00000000c3600000, 0x00000000eb100000)
  object space 36864K, 99% used [0x00000000c1200000,0x00000000c35c9bd8,0x00000000c3600000)
 Metaspace       used 33431K, capacity 33794K, committed 33920K, reserved 1079296K
  class space    used 4324K, capacity 4400K, committed 4480K, reserved 1048576K
Event: 9.150 GC heap after
Heap after GC invocations=13 (full 2):
 PSYoungGen      total 135168K, used 2849K [0x00000000eb100000, 0x00000000f7800000, 0x0000000100000000)
  eden space 120320K, 0% used [0x00000000eb100000,0x00000000eb100000,0x00000000f2680000)
  from space 14848K, 19% used [0x00000000f2680000,0x00000000f29486c8,0x00000000f3500000)
  to   space 22016K, 0% used [0x00000000f6280000,0x00000000f6280000,0x00000000f7800000)
 ParOldGen       total 87552K, used 36784K [0x00000000c1200000, 0x00000000c6780000, 0x00000000eb100000)
  object space 87552K, 42% used [0x00000000c1200000,0x00000000c35ec380,0x00000000c6780000)
 Metaspace       used 33431K, capacity 33794K, committed 33920K, reserved 1079296K
  class space    used 4324K, capacity 4400K, committed 4480K, reserved 1048576K
}
Event: 11.560 GC heap before
{Heap before GC invocations=14 (full 2):
 PSYoungGen      total 135168K, used 123169K [0x00000000eb100000, 0x00000000f7800000, 0x0000000100000000)
  eden space 120320K, 100% used [0x00000000eb100000,0x00000000f2680000,0x00000000f2680000)
  from space 14848K, 19% used [0x00000000f2680000,0x00000000f29486c8,0x00000000f3500000)
  to   space 22016K, 0% used [0x00000000f6280000,0x00000000f6280000,0x00000000f7800000)
 ParOldGen       total 87552K, used 36784K [0x00000000c1200000, 0x00000000c6780000, 0x00000000eb100000)
  object space 87552K, 42% used [0x00000000c1200000,0x00000000c35ec380,0x00000000c6780000)
 Metaspace       used 39175K, capacity 39482K, committed 39808K, reserved 1083392K
  class space    used 5058K, capacity 5140K, committed 5248K, reserved 1048576K
Event: 11.611 GC heap after
Heap after GC invocations=14 (full 2):
 PSYoungGen      total 169472K, used 21985K [0x00000000eb100000, 0x00000000f7800000, 0x0000000100000000)
  eden space 147456K, 0% used [0x00000000eb100000,0x00000000eb100000,0x00000000f4100000)
  from space 22016K, 99% used [0x00000000f6280000,0x00000000f77f8608,0x00000000f7800000)
  to   space 27136K, 0% used [0x00000000f4300000,0x00000000f4300000,0x00000000f5d80000)
 ParOldGen       total 87552K, used 40682K [0x00000000c1200000, 0x00000000c6780000, 0x00000000eb100000)
  object space 87552K, 46% used [0x00000000c1200000,0x00000000c39ba8c0,0x00000000c6780000)
 Metaspace       used 39175K, capacity 39482K, committed 39808K, reserved 1083392K
  class space    used 5058K, capacity 5140K, committed 5248K, reserved 1048576K
}
Event: 25.203 GC heap before
{Heap before GC invocations=15 (full 2):
 PSYoungGen      total 169472K, used 169441K [0x00000000eb100000, 0x00000000f7800000, 0x0000000100000000)
  eden space 147456K, 100% used [0x00000000eb100000,0x00000000f4100000,0x00000000f4100000)
  from space 22016K, 99% used [0x00000000f6280000,0x00000000f77f8608,0x00000000f7800000)
  to   space 27136K, 0% used [0x00000000f4300000,0x00000000f4300000,0x00000000f5d80000)
 ParOldGen       total 87552K, used 40682K [0x00000000c1200000, 0x00000000c6780000, 0x00000000eb100000)
  object space 87552K, 46% used [0x00000000c1200000,0x00000000c39ba8c0,0x00000000c6780000)
 Metaspace       used 46864K, capacity 47306K, committed 47616K, reserved 1091584K
  class space    used 6012K, capacity 6129K, committed 6144K, reserved 1048576K
Event: 25.250 GC heap after
Heap after GC invocations=15 (full 2):
 PSYoungGen      total 176640K, used 12967K [0x00000000eb100000, 0x00000000f9000000, 0x0000000100000000)
  eden space 149504K, 0% used [0x00000000eb100000,0x00000000eb100000,0x00000000f4300000)
  from space 27136K, 47% used [0x00000000f4300000,0x00000000f4fa9d70,0x00000000f5d80000)
  to   space 26112K, 0% used [0x00000000f7680000,0x00000000f7680000,0x00000000f9000000)
 ParOldGen       total 87552K, used 43385K [0x00000000c1200000, 0x00000000c6780000, 0x00000000eb100000)
  object space 87552K, 49% used [0x00000000c1200000,0x00000000c3c5e490,0x00000000c6780000)
 Metaspace       used 46864K, capacity 47306K, committed 47616K, reserved 1091584K
  class space    used 6012K, capacity 6129K, committed 6144K, reserved 1048576K
}

